#
# There is insufficient memory for the Java Runtime Environment to continue.
# Native memory allocation (mmap) failed to map 117440512 bytes for G1 virtual space
# Possible reasons:
#   The system is out of physical RAM or swap space
#   The process is running with CompressedOops enabled, and the Java Heap may be blocking the growth of the native heap
# Possible solutions:
#   Reduce memory load on the system
#   Increase physical memory or swap space
#   Check if swap backing store is full
#   Decrease Java heap size (-Xmx/-Xms)
#   Decrease number of Java threads
#   Decrease Java thread stack sizes (-Xss)
#   Set larger code cache with -XX:ReservedCodeCacheSize=
#   JVM is running with Unscaled Compressed Oops mode in which the Java heap is
#     placed in the first 4GB address space. The Java Heap base address is the
#     maximum limit for the native heap growth. Please use -XX:HeapBaseMinAddress
#     to set the Java Heap base and to place the Java Heap above 4GB virtual address.
# This output file may be truncated or incomplete.
#
#  Out of Memory Error (./open/src/hotspot/os/windows/os_windows.cpp:3321), pid=6308, tid=7500
#
# JRE version:  (15.0.2+7) (build )
# Java VM: OpenJDK 64-Bit Server VM (15.0.2+7-27, mixed mode, sharing, tiered, compressed oops, g1 gc, windows-amd64)
# No core dump will be written. Minidumps are not enabled by default on client versions of Windows
#

---------------  S U M M A R Y ------------

Command Line: -Dfile.encoding=Cp1252 -XX:+ShowCodeDetailsInExceptionMessages patrones.PatronesAnidados

Host: AMD Ryzen 3 2200U with Radeon Vega Mobile Gfx  , 4 cores, 6G,  Windows 10 , 64 bit Build 19041 (10.0.19041.1023)
Time: Fri Jun 25 16:43:10 2021 Hora est. Sudamérica Pacífico elapsed time: 0.018225 seconds (0d 0h 0m 0s)

---------------  T H R E A D  ---------------

Current thread (0x000001c1fc1febe0):  JavaThread "Unknown thread" [_thread_in_vm, id=7500, stack(0x0000007231000000,0x0000007231100000)]

Stack: [0x0000007231000000,0x0000007231100000]
Native frames: (J=compiled Java code, j=interpreted, Vv=VM code, C=native code)
V  [jvm.dll+0x62ae9a]
V  [jvm.dll+0x7817a9]
V  [jvm.dll+0x782f03]
V  [jvm.dll+0x783563]
V  [jvm.dll+0x216325]
V  [jvm.dll+0x6281d9]
V  [jvm.dll+0x61cf55]
V  [jvm.dll+0x2cffdd]
V  [jvm.dll+0x2cfe42]
V  [jvm.dll+0x2d5e1c]
V  [jvm.dll+0x32590a]
V  [jvm.dll+0x324fd4]
V  [jvm.dll+0x2a6f5a]
V  [jvm.dll+0x2a80f8]
V  [jvm.dll+0x75e241]
V  [jvm.dll+0x3341c4]
V  [jvm.dll+0x73e926]
V  [jvm.dll+0x3b7557]
V  [jvm.dll+0x3b8fe1]
C  [jli.dll+0x52fb]
C  [ucrtbase.dll+0x21bb2]
C  [KERNEL32.DLL+0x17034]
C  [ntdll.dll+0x52651]


---------------  P R O C E S S  ---------------

Threads class SMR info:
_java_thread_list=0x00007ff991ac4ff0, length=0, elements={
}

Java Threads: ( => current thread )

Other Threads:
  0x000001c1fc239d80 GCTaskThread "GC Thread#0" [stack: 0x0000007231100000,0x0000007231200000] [id=13460]
  0x000001c1fc24ae30 ConcurrentGCThread "G1 Main Marker" [stack: 0x0000007231200000,0x0000007231300000] [id=2644]
  0x000001c1fc24ba20 ConcurrentGCThread "G1 Conc#0" [stack: 0x0000007231300000,0x0000007231400000] [id=200]

[error occurred during error reporting (printing all threads), id 0xc0000005, EXCEPTION_ACCESS_VIOLATION (0xc0000005) at pc=0x00007ff9912b7e27]

VM state: not at safepoint (not fully initialized)

VM Mutex/Monitor currently owned by a thread:  ([mutex/lock_event])
[0x000001c1fc1fa2d0] Heap_lock - owner thread: 0x000001c1fc1febe0

Heap address: 0x0000000090a00000, size: 1782 MB, Compressed Oops mode: 32-bit
CDS archive(s) mapped at: [0x0000000000000000-0x0000000000000000-0x0000000000000000), size 0, SharedBaseAddress: 0x0000000800000000, ArchiveRelocationMode: 0.
Narrow klass base: 0x0000000000000000, Narrow klass shift: 0, Narrow klass range: 0x0

Heap:
 garbage-first heap   total 114688K, used 0K [0x0000000090a00000, 0x0000000100000000)
  region size 1024K, 0 young (0K), 0 survivors (0K)
 Metaspace       used 0K, capacity 0K, committed 0K, reserved 0K
  class space    used 0K, capacity 0K, committed 0K, reserved 0K

Heap Regions: E=young(eden), S=young(survivor), O=old, HS=humongous(starts), HC=humongous(continues), CS=collection set, F=free, OA=open archive, CA=closed archive, TAMS=top-at-mark-start (previous, next)

Card table byte_map: [0x000001c1fe490000,0x000001c1fe810000] _byte_map_base: 0x000001c1fe00b000

Marking Bits (Prev, Next): (CMBitMap*) 0x000001c1fc23b600, (CMBitMap*) 0x000001c1fc23b640
 Prev Bits: [0x000001c192940000, 0x000001c194518000)
 Next Bits: [0x000001c194520000, 0x000001c1960f8000)

GC Heap History (0 events):
No events

Deoptimization events (0 events):
No events

Classes unloaded (0 events):
No events

Classes redefined (0 events):
No events

Internal exceptions (0 events):
No events

Events (1 events):
Event: 0.009 Loaded shared library C:\Users\malex\.p2\pool\plugins\org.eclipse.justj.openjdk.hotspot.jre.full.win32.x86_64_15.0.2.v20210201-0955\jre\bin\java.dll


Dynamic libraries:
0x00007ff7afcf0000 - 0x00007ff7afcfd000 	C:\Users\malex\.p2\pool\plugins\org.eclipse.justj.openjdk.hotspot.jre.full.win32.x86_64_15.0.2.v20210201-0955\jre\bin\javaw.exe
0x00007ff9d3c30000 - 0x00007ff9d3e25000 	C:\WINDOWS\SYSTEM32\ntdll.dll
0x00007ff9d3a00000 - 0x00007ff9d3abd000 	C:\WINDOWS\System32\KERNEL32.DLL
0x00007ff9d17f0000 - 0x00007ff9d1ab8000 	C:\WINDOWS\System32\KERNELBASE.dll
0x00007ff9d1550000 - 0x00007ff9d1650000 	C:\WINDOWS\System32\ucrtbase.dll
0x00007ff9c7040000 - 0x00007ff9c7058000 	C:\Users\malex\.p2\pool\plugins\org.eclipse.justj.openjdk.hotspot.jre.full.win32.x86_64_15.0.2.v20210201-0955\jre\bin\jli.dll
0x00007ff9d2bc0000 - 0x00007ff9d2d60000 	C:\WINDOWS\System32\USER32.dll
0x00007ff9d1520000 - 0x00007ff9d1542000 	C:\WINDOWS\System32\win32u.dll
0x00007ff9d2d60000 - 0x00007ff9d2d8a000 	C:\WINDOWS\System32\GDI32.dll
0x00007ff9d1b90000 - 0x00007ff9d1c9b000 	C:\WINDOWS\System32\gdi32full.dll
0x00007ff9d1ac0000 - 0x00007ff9d1b5d000 	C:\WINDOWS\System32\msvcp_win.dll
0x00007ff9c2170000 - 0x00007ff9c2189000 	C:\Users\malex\.p2\pool\plugins\org.eclipse.justj.openjdk.hotspot.jre.full.win32.x86_64_15.0.2.v20210201-0955\jre\bin\VCRUNTIME140.dll
0x00007ff9bb2c0000 - 0x00007ff9bb55a000 	C:\WINDOWS\WinSxS\amd64_microsoft.windows.common-controls_6595b64144ccf1df_6.0.19041.1052_none_60b8f8fd71f5e8cb\COMCTL32.dll
0x00007ff9d3020000 - 0x00007ff9d30be000 	C:\WINDOWS\System32\msvcrt.dll
0x00007ff9d1f70000 - 0x00007ff9d1fa0000 	C:\WINDOWS\System32\IMM32.DLL
0x00007ff9bd8d0000 - 0x00007ff9bd8dc000 	C:\Users\malex\.p2\pool\plugins\org.eclipse.justj.openjdk.hotspot.jre.full.win32.x86_64_15.0.2.v20210201-0955\jre\bin\vcruntime140_1.dll
0x00007ff9bd830000 - 0x00007ff9bd8c1000 	C:\Users\malex\.p2\pool\plugins\org.eclipse.justj.openjdk.hotspot.jre.full.win32.x86_64_15.0.2.v20210201-0955\jre\bin\msvcp140.dll
0x00007ff991000000 - 0x00007ff991b5e000 	C:\Users\malex\.p2\pool\plugins\org.eclipse.justj.openjdk.hotspot.jre.full.win32.x86_64_15.0.2.v20210201-0955\jre\bin\server\jvm.dll
0x00007ff9d30c0000 - 0x00007ff9d316c000 	C:\WINDOWS\System32\ADVAPI32.dll
0x00007ff9d1fa0000 - 0x00007ff9d203b000 	C:\WINDOWS\System32\sechost.dll
0x00007ff9d1d90000 - 0x00007ff9d1ebb000 	C:\WINDOWS\System32\RPCRT4.dll
0x00007ff9d1d80000 - 0x00007ff9d1d88000 	C:\WINDOWS\System32\PSAPI.DLL
0x00007ff9aef90000 - 0x00007ff9aef99000 	C:\WINDOWS\SYSTEM32\WSOCK32.dll
0x00007ff9d36d0000 - 0x00007ff9d373b000 	C:\WINDOWS\System32\WS2_32.dll
0x00007ff9c1910000 - 0x00007ff9c1937000 	C:\WINDOWS\SYSTEM32\WINMM.dll
0x00007ff9cb5b0000 - 0x00007ff9cb5ba000 	C:\WINDOWS\SYSTEM32\VERSION.dll
0x00007ff9cf1b0000 - 0x00007ff9cf1c2000 	C:\WINDOWS\SYSTEM32\kernel.appcore.dll
0x00007ff9ac940000 - 0x00007ff9ac94a000 	C:\Users\malex\.p2\pool\plugins\org.eclipse.justj.openjdk.hotspot.jre.full.win32.x86_64_15.0.2.v20210201-0955\jre\bin\jimage.dll
0x00007ff9c3250000 - 0x00007ff9c3434000 	C:\WINDOWS\SYSTEM32\DBGHELP.DLL
0x00007ff9c2bf0000 - 0x00007ff9c2c1c000 	C:\WINDOWS\SYSTEM32\dbgcore.DLL
0x00007ff9d1760000 - 0x00007ff9d17e3000 	C:\WINDOWS\System32\bcryptPrimitives.dll
0x00007ff990fb0000 - 0x00007ff990fd5000 	C:\Users\malex\.p2\pool\plugins\org.eclipse.justj.openjdk.hotspot.jre.full.win32.x86_64_15.0.2.v20210201-0955\jre\bin\java.dll

dbghelp: loaded successfully - version: 4.0.5 - missing functions: none
symbol engine: initialized successfully - sym options: 0x614 - pdb path: .;C:\Users\malex\.p2\pool\plugins\org.eclipse.justj.openjdk.hotspot.jre.full.win32.x86_64_15.0.2.v20210201-0955\jre\bin;C:\WINDOWS\SYSTEM32;C:\WINDOWS\WinSxS\amd64_microsoft.windows.common-controls_6595b64144ccf1df_6.0.19041.1052_none_60b8f8fd71f5e8cb;C:\Users\malex\.p2\pool\plugins\org.eclipse.justj.openjdk.hotspot.jre.full.win32.x86_64_15.0.2.v20210201-0955\jre\bin\server

VM Arguments:
jvm_args: -Dfile.encoding=Cp1252 -XX:+ShowCodeDetailsInExceptionMessages 
java_command: patrones.PatronesAnidados
java_class_path (initial): C:\Users\malex\eclipse-workspace\Patrones\bin
Launcher Type: SUN_STANDARD

[Global flags]
     intx CICompilerCount                          = 3                                         {product} {ergonomic}
     uint ConcGCThreads                            = 1                                         {product} {ergonomic}
     uint G1ConcRefinementThreads                  = 4                                         {product} {ergonomic}
   size_t G1HeapRegionSize                         = 1048576                                   {product} {ergonomic}
    uintx GCDrainStackTargetSize                   = 64                                        {product} {ergonomic}
   size_t InitialHeapSize                          = 117440512                                 {product} {ergonomic}
   size_t MarkStackSize                            = 4194304                                   {product} {ergonomic}
   size_t MaxHeapSize                              = 1868562432                                {product} {ergonomic}
   size_t MinHeapDeltaBytes                        = 1048576                                   {product} {ergonomic}
   size_t MinHeapSize                              = 8388608                                   {product} {ergonomic}
    uintx NonNMethodCodeHeapSize                   = 5832780                                {pd product} {ergonomic}
    uintx NonProfiledCodeHeapSize                  = 122912730                              {pd product} {ergonomic}
    uintx ProfiledCodeHeapSize                     = 122912730                              {pd product} {ergonomic}
    uintx ReservedCodeCacheSize                    = 251658240                              {pd product} {ergonomic}
     bool SegmentedCodeCache                       = true                                      {product} {ergonomic}
     bool ShowCodeDetailsInExceptionMessages       = true                                   {manageable} {command line}
   size_t SoftMaxHeapSize                          = 1868562432                             {manageable} {ergonomic}
     bool UseCompressedClassPointers               = true                                 {lp64_product} {ergonomic}
     bool UseCompressedOops                        = true                                 {lp64_product} {ergonomic}
     bool UseG1GC                                  = true                                      {product} {ergonomic}
     bool UseLargePagesIndividualAllocation        = false                                  {pd product} {ergonomic}

Logging:
Log output configuration:
 #0: stdout all=warning uptime,level,tags
 #1: stderr all=off uptime,level,tags

Environment Variables:
JAVA_HOME=C:\Program Files\Java\jdk1.8.0_291
PATH=C:/Users/malex/.p2/pool/plugins/org.eclipse.justj.openjdk.hotspot.jre.full.win32.x86_64_15.0.2.v20210201-0955/jre/bin/server;C:/Users/malex/.p2/pool/plugins/org.eclipse.justj.openjdk.hotspot.jre.full.win32.x86_64_15.0.2.v20210201-0955/jre/bin;C:\Program Files (x86)\NVIDIA Corporation\PhysX\Common;C:\Program Files (x86)\Common Files\Oracle\Java\javapath;C:\WINDOWS\system32;C:\WINDOWS;C:\WINDOWS\System32\Wbem;C:\WINDOWS\System32\WindowsPowerShell\v1.0\;C:\WINDOWS\System32\OpenSSH\;C:\Program Files\Java\jdk1.8.0_291\bin;C:\Users\malex\AppData\Local\Microsoft\WindowsApps;;C:\Users\malex\Desktop;
USERNAME=malex
OS=Windows_NT
PROCESSOR_IDENTIFIER=AMD64 Family 23 Model 17 Stepping 0, AuthenticAMD



---------------  S Y S T E M  ---------------

OS:
 Windows 10 , 64 bit Build 19041 (10.0.19041.1023)
OS uptime: 0 days 18:44 hours

CPU: total 4 (initial active 4) (4 cores per cpu, 2 threads per core) family 23 model 17 stepping 0 microcode 0x0, cmov, cx8, fxsr, mmx, sse, sse2, sse3, ssse3, sse4.1, sse4.2, popcnt, vzeroupper, avx, avx2, aes, clmul, 3dnowpref, lzcnt, sse4a, ht, tsc, tscinvbit, tscinv, bmi1, bmi2, adx, sha, fma, clflush, clflushopt

Memory: 4k page, system-wide physical 7124M (2191M free)
TotalPageFile size 8909M (AvailPageFile size 23M)
current process WorkingSet (physical memory assigned to process): 10M, peak: 10M
current process commit charge ("private bytes"): 51M, peak: 163M

vm_info: OpenJDK 64-Bit Server VM (15.0.2+7-27) for windows-amd64 JRE (15.0.2+7-27), built on Dec  7 2020 20:02:38 by "mach5one" with unknown MS VC++:1925

END.
